生成启动时间为 2022/9/20 20:31:51。
     1>项目“D:\C语言学习\调试_9_20\调试_9_20\调试_9_20.vcxproj”在节点 2 上(build 个目标)。
     1>InitializeBuildStatus:
         正在创建“Release\调试_9_20.unsuccessfulbuild”，因为已指定“AlwaysCreate”。
       ClCompile:
         C:\Program Files (x86)\Microsoft Visual Studio 10.0\VC\bin\CL.exe /c /Zi /nologo /W3 /WX- /O2 /Oi /Oy- /GL /D _UNICODE /D UNICODE /Gm- /EHsc /MD /GS /Gy /fp:precise /Zc:wchar_t /Zc:forScope /Fo"Release\\" /Fd"Release\vc100.pdb" /Gd /TC /analyze- /errorReport:prompt test.c
         test.c
       Link:
         C:\Program Files (x86)\Microsoft Visual Studio 10.0\VC\bin\link.exe /ERRORREPORT:PROMPT /OUT:"D:\C语言学习\调试_9_20\Release\调试_9_20.exe" /NOLOGO kernel32.lib user32.lib gdi32.lib winspool.lib comdlg32.lib advapi32.lib shell32.lib ole32.lib oleaut32.lib uuid.lib odbc32.lib odbccp32.lib /MANIFEST /ManifestFile:"Release\调试_9_20.exe.intermediate.manifest" /MANIFESTUAC:"level='asInvoker' uiAccess='false'" /DEBUG /PDB:"D:\C语言学习\调试_9_20\Release\调试_9_20.pdb" /SUBSYSTEM:CONSOLE /OPT:REF /OPT:ICF /LTCG /TLBID:1 /DYNAMICBASE /NXCOMPAT /IMPLIB:"D:\C语言学习\调试_9_20\Release\调试_9_20.lib" /MACHINE:X86 Release\test.obj
         正在生成代码
         已完成代码的生成
         调试_9_20.vcxproj -> D:\C语言学习\调试_9_20\Release\调试_9_20.exe
       Manifest:
         C:\Program Files (x86)\Microsoft SDKs\Windows\v7.0A\bin\mt.exe /nologo /verbose /outputresource:"D:\C语言学习\调试_9_20\Release\调试_9_20.exe;#1" /manifest "Release\调试_9_20.exe.intermediate.manifest"
       FinalizeBuildStatus:
         正在删除文件“Release\调试_9_20.unsuccessfulbuild”。
         正在对“Release\调试_9_20.lastbuildstate”执行 Touch 任务。
     1>已完成生成项目“D:\C语言学习\调试_9_20\调试_9_20\调试_9_20.vcxproj”(build 个目标)的操作。

生成成功。

已用时间 00:00:00.40
