生成启动时间为 2022/9/19 19:08:40。
     1>项目“D:\C语言学习\调试_9_19_03\调试_9_19_03\调试_9_19_03.vcxproj”在节点 2 上(build 个目标)。
     1>InitializeBuildStatus:
         正在创建“Release\调试_9_19_03.unsuccessfulbuild”，因为已指定“AlwaysCreate”。
       ClCompile:
         所有输出均为最新。
       Link:
         所有输出均为最新。
         C:\Program Files (x86)\Microsoft Visual Studio 10.0\VC\bin\link.exe /ERRORREPORT:PROMPT /OUT:"D:\C语言学习\调试_9_19_03\Release\调试_9_19_03.exe" /NOLOGO kernel32.lib user32.lib gdi32.lib winspool.lib comdlg32.lib advapi32.lib shell32.lib ole32.lib oleaut32.lib uuid.lib odbc32.lib odbccp32.lib /MANIFEST /ManifestFile:"Release\调试_9_19_03.exe.intermediate.manifest" /MANIFESTUAC:"level='asInvoker' uiAccess='false'" /DEBUG /PDB:"D:\C语言学习\调试_9_19_03\Release\调试_9_19_03.pdb" /SUBSYSTEM:CONSOLE /OPT:REF /OPT:ICF /LTCG /TLBID:1 /DYNAMICBASE /NXCOMPAT /IMPLIB:"D:\C语言学习\调试_9_19_03\Release\调试_9_19_03.lib" /MACHINE:X86 Release\test.obj
         正在生成代码
         已完成代码的生成
         调试_9_19_03.vcxproj -> D:\C语言学习\调试_9_19_03\Release\调试_9_19_03.exe
       Manifest:
         C:\Program Files (x86)\Microsoft SDKs\Windows\v7.0A\bin\mt.exe /nologo /verbose /outputresource:"D:\C语言学习\调试_9_19_03\Release\调试_9_19_03.exe;#1" /manifest "Release\调试_9_19_03.exe.intermediate.manifest"
       FinalizeBuildStatus:
         正在删除文件“Release\调试_9_19_03.unsuccessfulbuild”。
         正在对“Release\调试_9_19_03.lastbuildstate”执行 Touch 任务。
     1>已完成生成项目“D:\C语言学习\调试_9_19_03\调试_9_19_03\调试_9_19_03.vcxproj”(build 个目标)的操作。

生成成功。

已用时间 00:00:00.30
