生成启动时间为 2022/9/16 20:40:20。
     1>项目“D:\C语言学习\扫雷\扫雷\扫雷.vcxproj”在节点 2 上(build 个目标)。
     1>InitializeBuildStatus:
         正在创建“Debug\扫雷.unsuccessfulbuild”，因为已指定“AlwaysCreate”。
       ClCompile:
         C:\Program Files (x86)\Microsoft Visual Studio 10.0\VC\bin\CL.exe /c /ZI /nologo /W3 /WX- /Od /Oy- /D _UNICODE /D UNICODE /Gm /EHsc /RTC1 /MDd /GS /fp:precise /Zc:wchar_t /Zc:forScope /Fo"Debug\\" /Fd"Debug\vc100.pdb" /Gd /TC /analyze- /errorReport:prompt game.c test.c
         test.c
     1>d:\c语言学习\扫雷\扫雷\test.c(20): warning C4020: “Initboard”: 实参太多
     1>d:\c语言学习\扫雷\扫雷\test.c(21): warning C4020: “Initboard”: 实参太多
     1>d:\c语言学习\扫雷\扫雷\test.c(41): warning C4996: 'scanf': This function or variable may be unsafe. Consider using scanf_s instead. To disable deprecation, use _CRT_SECURE_NO_WARNINGS. See online help for details.
                 c:\program files (x86)\microsoft visual studio 10.0\vc\include\stdio.h(304) : 参见“scanf”的声明
         game.c
     1>d:\c语言学习\扫雷\扫雷\game.c(4): warning C4029: 声明的形参表不同于定义
     1>d:\c语言学习\扫雷\扫雷\game.c(78): warning C4996: 'scanf': This function or variable may be unsafe. Consider using scanf_s instead. To disable deprecation, use _CRT_SECURE_NO_WARNINGS. See online help for details.
                 c:\program files (x86)\microsoft visual studio 10.0\vc\include\stdio.h(304) : 参见“scanf”的声明
         正在生成代码...
       Link:
         C:\Program Files (x86)\Microsoft Visual Studio 10.0\VC\bin\link.exe /ERRORREPORT:PROMPT /OUT:"D:\C语言学习\扫雷\Debug\扫雷.exe" /NOLOGO kernel32.lib user32.lib gdi32.lib winspool.lib comdlg32.lib advapi32.lib shell32.lib ole32.lib oleaut32.lib uuid.lib odbc32.lib odbccp32.lib /MANIFEST /ManifestFile:"Debug\扫雷.exe.intermediate.manifest" /MANIFESTUAC:"level='asInvoker' uiAccess='false'" /DEBUG /PDB:"D:\C语言学习\扫雷\Debug\扫雷.pdb" /SUBSYSTEM:CONSOLE /TLBID:1 /DYNAMICBASE /NXCOMPAT /IMPLIB:"D:\C语言学习\扫雷\Debug\扫雷.lib" /MACHINE:X86 Debug\game.obj
         Debug\test.obj
         LINK : 没有找到 D:\C语言学习\扫雷\Debug\扫雷.exe 或上一个增量链接没有生成它；正在执行完全链接
         扫雷.vcxproj -> D:\C语言学习\扫雷\Debug\扫雷.exe
       Manifest:
         C:\Program Files (x86)\Microsoft SDKs\Windows\v7.0A\bin\mt.exe /nologo /verbose /outputresource:"D:\C语言学习\扫雷\Debug\扫雷.exe;#1" /manifest "Debug\扫雷.exe.intermediate.manifest"
       FinalizeBuildStatus:
         正在删除文件“Debug\扫雷.unsuccessfulbuild”。
         正在对“Debug\扫雷.lastbuildstate”执行 Touch 任务。
     1>已完成生成项目“D:\C语言学习\扫雷\扫雷\扫雷.vcxproj”(build 个目标)的操作。

生成成功。

已用时间 00:00:00.44
